STARSHIP_SHELL=fish
TERM_PROGRAM=iTerm.app
SHELL=/opt/local/bin/fish
TERM=xterm-256color
TMPDIR=/var/folders/_6/df09qg_94qz0lr4gvc3dgdc40000gn/T/
TERM_PROGRAM_VERSION=3.6.6
TERM_SESSION_ID=w0t0p0:D16FBA4D-1106-4609-9C9D-DFEE461C7E16
PNPM_HOME=/Users/julong/Library/pnpm
PROJECT_GITHUB_TOKEN=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
USER=julong
COMMAND_MODE=unix2003
SSH_AUTH_SOCK=/private/tmp/com.apple.launchd.JSFcmniamC/Listeners
__CF_USER_TEXT_ENCODING=0x1F5:0x0:0x0
TERM_FEATURES=T3LrMSc7UUw9Ts3BFGsSyHNoSxF
TERMINFO_DIRS=/Applications/iTerm.app/Contents/Resources/terminfo:/usr/share/terminfo
PATH=/Users/julong/Library/pnpm:/Applications/Visual Studio Code.app/Contents/Resources/app/bin:/Users/julong/.bun/bin:/Library/Frameworks/Python.framework/Versions/3.12/bin:/usr/local/bin:/Users/julong/.cargo/bin:/Applications/Visual:Studio:Code.app/Contents/Resources/app/bin:/Users/julong/.local/bin:/Users/julong/.npm-global/bin:/Library/Frameworks/Python.framework/Versions/3.12/bin:/opt/local/bin:/opt/local/sbin:/usr/bin:/bin:/usr/sbin:/sbin:/Applications/iTerm.app/Contents/Resources/utilities:/Users/julong/.orbstack/bin
LaunchInstanceID=2D014671-673F-4C5A-BBB0-4883CB093D0A
__CFBundleIdentifier=com.googlecode.iterm2
PWD=/Users/julong/Projects/noderobot/sub-store
fish_user_paths=/Applications/Visual Studio Code.app/Contents/Resources/app/bin /Users/julong/.local/bin /Users/julong/.npm-global/bin /Library/Frameworks/Python.framework/Versions/3.12/bin /opt/local/bin /opt/local/sbin
LANG=en_US.UTF-8
ITERM_PROFILE=Default
XPC_FLAGS=0x0
XPC_SERVICE_NAME=0
GEMINI_API_KEY=AIzaSyDzA0m7074evmxRKmh6fTzIyaWU8jvWUKM
HOME=/Users/julong
COLORFGBG=7;0
SHLVL=2
LC_TERMINAL_VERSION=3.6.6
ITERM_SESSION_ID=w0t0p0:D16FBA4D-1106-4609-9C9D-DFEE461C7E16
STARSHIP_SESSION_KEY=2352420528290633
LOGNAME=julong
HF_ENDPOINT=https://hf-mirror.com
BUN_INSTALL=/Users/julong/.bun
LC_TERMINAL=iTerm2
SECURITYSESSIONID=186a3
COLORTERM=truecolor
OLDPWD=/Users/julong/Projects/noderobot/sub-store
_=/usr/bin/nohup
NODE_PATH=/Users/julong/Projects/noderobot/sub-store/node_modules
